<?xml version="1.0" encoding="UTF-8"?>
<testsuite xmlns:xsi="http://www.w3.org/2001/XMLSchema-instance" xsi:noNamespaceSchemaLocation="https://maven.apache.org/surefire/maven-surefire-plugin/xsd/surefire-test-report-3.0.xsd" version="3.0" name="org.truelayer.challenge.runner.TestRunner" time="6.503" tests="8" errors="0" skipped="0" failures="0">
  <properties>
    <property name="java.specification.version" value="17"/>
    <property name="sun.jnu.encoding" value="UTF-8"/>
    <property name="java.class.path" value="/Users/suvjit/Projects/Suvarna/wheretheiss-api-tests/target/test-classes:/Users/suvjit/Projects/Suvarna/wheretheiss-api-tests/target/classes:/Users/suvjit/.m2/repository/junit/junit/4.13.1/junit-4.13.1.jar:/Users/suvjit/.m2/repository/org/hamcrest/hamcrest-core/1.3/hamcrest-core-1.3.jar:/Users/suvjit/.m2/repository/io/cucumber/cucumber-java/7.0.0/cucumber-java-7.0.0.jar:/Users/suvjit/.m2/repository/org/apiguardian/apiguardian-api/1.1.2/apiguardian-api-1.1.2.jar:/Users/suvjit/.m2/repository/io/cucumber/cucumber-junit/7.0.0/cucumber-junit-7.0.0.jar:/Users/suvjit/.m2/repository/io/cucumber/cucumber-core/7.0.0/cucumber-core-7.0.0.jar:/Users/suvjit/.m2/repository/io/cucumber/cucumber-gherkin/7.0.0/cucumber-gherkin-7.0.0.jar:/Users/suvjit/.m2/repository/io/cucumber/cucumber-gherkin-messages/7.0.0/cucumber-gherkin-messages-7.0.0.jar:/Users/suvjit/.m2/repository/io/cucumber/messages/17.1.1/messages-17.1.1.jar:/Users/suvjit/.m2/repository/io/cucumber/tag-expressions/4.0.2/tag-expressions-4.0.2.jar:/Users/suvjit/.m2/repository/io/cucumber/cucumber-expressions/13.0.1/cucumber-expressions-13.0.1.jar:/Users/suvjit/.m2/repository/io/cucumber/datatable/7.0.0/datatable-7.0.0.jar:/Users/suvjit/.m2/repository/io/cucumber/cucumber-plugin/7.0.0/cucumber-plugin-7.0.0.jar:/Users/suvjit/.m2/repository/io/cucumber/docstring/7.0.0/docstring-7.0.0.jar:/Users/suvjit/.m2/repository/io/cucumber/html-formatter/17.0.0/html-formatter-17.0.0.jar:/Users/suvjit/.m2/repository/io/cucumber/create-meta/6.0.1/create-meta-6.0.1.jar:/Users/suvjit/.m2/repository/io/cucumber/gherkin/5.1.0/gherkin-5.1.0.jar:/Users/suvjit/.m2/repository/io/cucumber/gherkin-jvm-deps/1.0.4/gherkin-jvm-deps-1.0.4.jar:/Users/suvjit/.m2/repository/io/rest-assured/rest-assured/4.4.0/rest-assured-4.4.0.jar:/Users/suvjit/.m2/repository/org/codehaus/groovy/groovy/3.0.8/groovy-3.0.8.jar:/Users/suvjit/.m2/repository/org/codehaus/groovy/groovy-xml/3.0.8/groovy-xml-3.0.8.jar:/Users/suvjit/.m2/repository/org/apache/httpcomponents/httpclient/4.5.13/httpclient-4.5.13.jar:/Users/suvjit/.m2/repository/org/apache/httpcomponents/httpcore/4.4.13/httpcore-4.4.13.jar:/Users/suvjit/.m2/repository/commons-logging/commons-logging/1.2/commons-logging-1.2.jar:/Users/suvjit/.m2/repository/commons-codec/commons-codec/1.11/commons-codec-1.11.jar:/Users/suvjit/.m2/repository/org/apache/httpcomponents/httpmime/4.5.13/httpmime-4.5.13.jar:/Users/suvjit/.m2/repository/org/hamcrest/hamcrest/2.1/hamcrest-2.1.jar:/Users/suvjit/.m2/repository/org/ccil/cowan/tagsoup/tagsoup/1.2.1/tagsoup-1.2.1.jar:/Users/suvjit/.m2/repository/io/rest-assured/json-path/4.4.0/json-path-4.4.0.jar:/Users/suvjit/.m2/repository/org/codehaus/groovy/groovy-json/3.0.8/groovy-json-3.0.8.jar:/Users/suvjit/.m2/repository/io/rest-assured/rest-assured-common/4.4.0/rest-assured-common-4.4.0.jar:/Users/suvjit/.m2/repository/io/rest-assured/xml-path/4.4.0/xml-path-4.4.0.jar:/Users/suvjit/.m2/repository/org/apache/commons/commons-lang3/3.11/commons-lang3-3.11.jar:/Users/suvjit/.m2/repository/jakarta/xml/bind/jakarta.xml.bind-api/2.3.3/jakarta.xml.bind-api-2.3.3.jar:/Users/suvjit/.m2/repository/jakarta/activation/jakarta.activation-api/1.2.2/jakarta.activation-api-1.2.2.jar:/Users/suvjit/.m2/repository/com/sun/xml/bind/jaxb-impl/2.3.3/jaxb-impl-2.3.3.jar:/Users/suvjit/.m2/repository/org/projectlombok/lombok/1.18.22/lombok-1.18.22.jar:/Users/suvjit/.m2/repository/log4j/log4j/1.2.17/log4j-1.2.17.jar:/Users/suvjit/.m2/repository/com/fasterxml/jackson/core/jackson-databind/2.13.1/jackson-databind-2.13.1.jar:/Users/suvjit/.m2/repository/com/fasterxml/jackson/core/jackson-annotations/2.13.1/jackson-annotations-2.13.1.jar:/Users/suvjit/.m2/repository/com/fasterxml/jackson/core/jackson-core/2.13.1/jackson-core-2.13.1.jar:"/>
    <property name="java.vm.vendor" value="Homebrew"/>
    <property name="sun.arch.data.model" value="64"/>
    <property name="java.vendor.url" value="https://github.com/Homebrew/homebrew-core/issues"/>
    <property name="os.name" value="Mac OS X"/>
    <property name="java.vm.specification.version" value="17"/>
    <property name="sun.java.launcher" value="SUN_STANDARD"/>
    <property name="user.country" value="GB"/>
    <property name="sun.boot.library.path" value="/opt/homebrew/Cellar/openjdk/17.0.1/libexec/openjdk.jdk/Contents/Home/lib"/>
    <property name="sun.java.command" value="/Users/suvjit/Projects/Suvarna/wheretheiss-api-tests/target/surefire/surefirebooter11021398360710287167.jar /Users/suvjit/Projects/Suvarna/wheretheiss-api-tests/target/surefire 2022-01-29T11-39-03_473-jvmRun1 surefire881219700883884032tmp surefire_018259693903390950152tmp"/>
    <property name="http.nonProxyHosts" value="local|*.local|169.254/16|*.169.254/16"/>
    <property name="jdk.debug" value="release"/>
    <property name="surefire.test.class.path" value="/Users/suvjit/Projects/Suvarna/wheretheiss-api-tests/target/test-classes:/Users/suvjit/Projects/Suvarna/wheretheiss-api-tests/target/classes:/Users/suvjit/.m2/repository/junit/junit/4.13.1/junit-4.13.1.jar:/Users/suvjit/.m2/repository/org/hamcrest/hamcrest-core/1.3/hamcrest-core-1.3.jar:/Users/suvjit/.m2/repository/io/cucumber/cucumber-java/7.0.0/cucumber-java-7.0.0.jar:/Users/suvjit/.m2/repository/org/apiguardian/apiguardian-api/1.1.2/apiguardian-api-1.1.2.jar:/Users/suvjit/.m2/repository/io/cucumber/cucumber-junit/7.0.0/cucumber-junit-7.0.0.jar:/Users/suvjit/.m2/repository/io/cucumber/cucumber-core/7.0.0/cucumber-core-7.0.0.jar:/Users/suvjit/.m2/repository/io/cucumber/cucumber-gherkin/7.0.0/cucumber-gherkin-7.0.0.jar:/Users/suvjit/.m2/repository/io/cucumber/cucumber-gherkin-messages/7.0.0/cucumber-gherkin-messages-7.0.0.jar:/Users/suvjit/.m2/repository/io/cucumber/messages/17.1.1/messages-17.1.1.jar:/Users/suvjit/.m2/repository/io/cucumber/tag-expressions/4.0.2/tag-expressions-4.0.2.jar:/Users/suvjit/.m2/repository/io/cucumber/cucumber-expressions/13.0.1/cucumber-expressions-13.0.1.jar:/Users/suvjit/.m2/repository/io/cucumber/datatable/7.0.0/datatable-7.0.0.jar:/Users/suvjit/.m2/repository/io/cucumber/cucumber-plugin/7.0.0/cucumber-plugin-7.0.0.jar:/Users/suvjit/.m2/repository/io/cucumber/docstring/7.0.0/docstring-7.0.0.jar:/Users/suvjit/.m2/repository/io/cucumber/html-formatter/17.0.0/html-formatter-17.0.0.jar:/Users/suvjit/.m2/repository/io/cucumber/create-meta/6.0.1/create-meta-6.0.1.jar:/Users/suvjit/.m2/repository/io/cucumber/gherkin/5.1.0/gherkin-5.1.0.jar:/Users/suvjit/.m2/repository/io/cucumber/gherkin-jvm-deps/1.0.4/gherkin-jvm-deps-1.0.4.jar:/Users/suvjit/.m2/repository/io/rest-assured/rest-assured/4.4.0/rest-assured-4.4.0.jar:/Users/suvjit/.m2/repository/org/codehaus/groovy/groovy/3.0.8/groovy-3.0.8.jar:/Users/suvjit/.m2/repository/org/codehaus/groovy/groovy-xml/3.0.8/groovy-xml-3.0.8.jar:/Users/suvjit/.m2/repository/org/apache/httpcomponents/httpclient/4.5.13/httpclient-4.5.13.jar:/Users/suvjit/.m2/repository/org/apache/httpcomponents/httpcore/4.4.13/httpcore-4.4.13.jar:/Users/suvjit/.m2/repository/commons-logging/commons-logging/1.2/commons-logging-1.2.jar:/Users/suvjit/.m2/repository/commons-codec/commons-codec/1.11/commons-codec-1.11.jar:/Users/suvjit/.m2/repository/org/apache/httpcomponents/httpmime/4.5.13/httpmime-4.5.13.jar:/Users/suvjit/.m2/repository/org/hamcrest/hamcrest/2.1/hamcrest-2.1.jar:/Users/suvjit/.m2/repository/org/ccil/cowan/tagsoup/tagsoup/1.2.1/tagsoup-1.2.1.jar:/Users/suvjit/.m2/repository/io/rest-assured/json-path/4.4.0/json-path-4.4.0.jar:/Users/suvjit/.m2/repository/org/codehaus/groovy/groovy-json/3.0.8/groovy-json-3.0.8.jar:/Users/suvjit/.m2/repository/io/rest-assured/rest-assured-common/4.4.0/rest-assured-common-4.4.0.jar:/Users/suvjit/.m2/repository/io/rest-assured/xml-path/4.4.0/xml-path-4.4.0.jar:/Users/suvjit/.m2/repository/org/apache/commons/commons-lang3/3.11/commons-lang3-3.11.jar:/Users/suvjit/.m2/repository/jakarta/xml/bind/jakarta.xml.bind-api/2.3.3/jakarta.xml.bind-api-2.3.3.jar:/Users/suvjit/.m2/repository/jakarta/activation/jakarta.activation-api/1.2.2/jakarta.activation-api-1.2.2.jar:/Users/suvjit/.m2/repository/com/sun/xml/bind/jaxb-impl/2.3.3/jaxb-impl-2.3.3.jar:/Users/suvjit/.m2/repository/org/projectlombok/lombok/1.18.22/lombok-1.18.22.jar:/Users/suvjit/.m2/repository/log4j/log4j/1.2.17/log4j-1.2.17.jar:/Users/suvjit/.m2/repository/com/fasterxml/jackson/core/jackson-databind/2.13.1/jackson-databind-2.13.1.jar:/Users/suvjit/.m2/repository/com/fasterxml/jackson/core/jackson-annotations/2.13.1/jackson-annotations-2.13.1.jar:/Users/suvjit/.m2/repository/com/fasterxml/jackson/core/jackson-core/2.13.1/jackson-core-2.13.1.jar:"/>
    <property name="sun.cpu.endian" value="little"/>
    <property name="user.home" value="/Users/suvjit"/>
    <property name="user.language" value="en"/>
    <property name="java.specification.vendor" value="Oracle Corporation"/>
    <property name="java.version.date" value="2021-10-19"/>
    <property name="java.home" value="/opt/homebrew/Cellar/openjdk/17.0.1/libexec/openjdk.jdk/Contents/Home"/>
    <property name="file.separator" value="/"/>
    <property name="basedir" value="/Users/suvjit/Projects/Suvarna/wheretheiss-api-tests"/>
    <property name="java.vm.compressedOopsMode" value="Zero based"/>
    <property name="line.separator" value="&#10;"/>
    <property name="java.specification.name" value="Java Platform API Specification"/>
    <property name="java.vm.specification.vendor" value="Oracle Corporation"/>
    <property name="surefire.real.class.path" value="/Users/suvjit/Projects/Suvarna/wheretheiss-api-tests/target/surefire/surefirebooter11021398360710287167.jar"/>
    <property name="sun.management.compiler" value="HotSpot 64-Bit Tiered Compilers"/>
    <property name="ftp.nonProxyHosts" value="local|*.local|169.254/16|*.169.254/16"/>
    <property name="java.runtime.version" value="17.0.1+0"/>
    <property name="user.name" value="suvjit"/>
    <property name="path.separator" value=":"/>
    <property name="os.version" value="12.1"/>
    <property name="java.runtime.name" value="OpenJDK Runtime Environment"/>
    <property name="file.encoding" value="UTF-8"/>
    <property name="java.vm.name" value="OpenJDK 64-Bit Server VM"/>
    <property name="java.vendor.version" value="Homebrew"/>
    <property name="localRepository" value="/Users/suvjit/.m2/repository"/>
    <property name="java.vendor.url.bug" value="https://github.com/Homebrew/homebrew-core/issues"/>
    <property name="java.io.tmpdir" value="/var/folders/06/6xlhg135045368v5mc94ds7w0000gn/T/"/>
    <property name="java.version" value="17.0.1"/>
    <property name="user.dir" value="/Users/suvjit/Projects/Suvarna/wheretheiss-api-tests"/>
    <property name="os.arch" value="aarch64"/>
    <property name="java.vm.specification.name" value="Java Virtual Machine Specification"/>
    <property name="native.encoding" value="UTF-8"/>
    <property name="java.library.path" value="/Users/suvjit/Library/Java/Extensions:/Library/Java/Extensions:/Network/Library/Java/Extensions:/System/Library/Java/Extensions:/usr/lib/java:."/>
    <property name="java.vm.info" value="mixed mode, sharing"/>
    <property name="java.vendor" value="Homebrew"/>
    <property name="java.vm.version" value="17.0.1+0"/>
    <property name="sun.io.unicode.encoding" value="UnicodeBig"/>
    <property name="socksNonProxyHosts" value="local|*.local|169.254/16|*.169.254/16"/>
    <property name="java.class.version" value="61.0"/>
  </properties>
  <testcase name="Get satellite position for valid satellite id - Happy Path #1" classname="This feature tests the whereistheiss public APIs" time="1.559">
    <system-out><![CDATA[
Scenario Outline: Get satellite position for valid satellite id - Happy Path # src/test/resources/bdd/wheretheissapi.feature:15
  When I get the satellite position for satellite "25544" for below          # org.truelayer.challenge.stepDefinition.WhereTheIssApi.i_get_the_satellite_position_for_satellite_for_below(java.lang.String,io.cucumber.datatable.DataTable)
    | timestamps | 1436029892 |
    | units      | miles      |
  Then the response status code should be 200                                # org.truelayer.challenge.stepDefinition.WhereTheIssApi.the_response_status_code_should_be(int)
  And the response body should be have satellite position                    # org.truelayer.challenge.stepDefinition.WhereTheIssApi.the_response_body_should_be_have_satellite_position()
]]></system-out>
    <system-err><![CDATA[log4j:WARN No such property [datePattern] in org.apache.log4j.RollingFileAppender.
]]></system-err>
  </testcase>
  <testcase name="Get satellite position for valid satellite id - Happy Path #2" classname="This feature tests the whereistheiss public APIs" time="0.645">
    <system-out><![CDATA[
Scenario Outline: Get satellite position for valid satellite id - Happy Path # src/test/resources/bdd/wheretheissapi.feature:16
  When I get the satellite position for satellite "25544" for below          # org.truelayer.challenge.stepDefinition.WhereTheIssApi.i_get_the_satellite_position_for_satellite_for_below(java.lang.String,io.cucumber.datatable.DataTable)
    | timestamps | 1436029892,1436029902 |
    | units      | miles                 |
  Then the response status code should be 200                                # org.truelayer.challenge.stepDefinition.WhereTheIssApi.the_response_status_code_should_be(int)
  And the response body should be have satellite position                    # org.truelayer.challenge.stepDefinition.WhereTheIssApi.the_response_body_should_be_have_satellite_position()
]]></system-out>
  </testcase>
  <testcase name="Get satellite position for valid satellite id - Happy Path #3" classname="This feature tests the whereistheiss public APIs" time="0.683">
    <system-out><![CDATA[
Scenario Outline: Get satellite position for valid satellite id - Happy Path # src/test/resources/bdd/wheretheissapi.feature:17
  When I get the satellite position for satellite "25544" for below          # org.truelayer.challenge.stepDefinition.WhereTheIssApi.i_get_the_satellite_position_for_satellite_for_below(java.lang.String,io.cucumber.datatable.DataTable)
    | timestamps | 1436029892 |
    | units      | [empty]    |
  Then the response status code should be 200                                # org.truelayer.challenge.stepDefinition.WhereTheIssApi.the_response_status_code_should_be(int)
  And the response body should be have satellite position                    # org.truelayer.challenge.stepDefinition.WhereTheIssApi.the_response_body_should_be_have_satellite_position()
]]></system-out>
  </testcase>
  <testcase name="Validations for get satellite position by Id #1" classname="This feature tests the whereistheiss public APIs" time="0.837">
    <system-out><![CDATA[
Scenario Outline: Validations for get satellite position by Id    # src/test/resources/bdd/wheretheissapi.feature:28
  When I get the satellite position for satellite "123" for below # org.truelayer.challenge.stepDefinition.WhereTheIssApi.i_get_the_satellite_position_for_satellite_for_below(java.lang.String,io.cucumber.datatable.DataTable)
    | timestamps | 1436029892 |
    | units      | [empty]    |
  Then the response status code should be 404                     # org.truelayer.challenge.stepDefinition.WhereTheIssApi.the_response_status_code_should_be(int)
  And the error message should be "satellite not found"           # org.truelayer.challenge.stepDefinition.WhereTheIssApi.theErrorShouldBe(java.lang.String)
]]></system-out>
  </testcase>
  <testcase name="Validations for get satellite position by Id #2" classname="This feature tests the whereistheiss public APIs" time="0.625">
    <system-out><![CDATA[
Scenario Outline: Validations for get satellite position by Id      # src/test/resources/bdd/wheretheissapi.feature:29
  When I get the satellite position for satellite "25544" for below # org.truelayer.challenge.stepDefinition.WhereTheIssApi.i_get_the_satellite_position_for_satellite_for_below(java.lang.String,io.cucumber.datatable.DataTable)
    | timestamps | [empty] |
    | units      | miles   |
  Then the response status code should be 400                       # org.truelayer.challenge.stepDefinition.WhereTheIssApi.the_response_status_code_should_be(int)
  And the error message should be "invalid timestamp in list:"      # org.truelayer.challenge.stepDefinition.WhereTheIssApi.theErrorShouldBe(java.lang.String)
]]></system-out>
  </testcase>
  <testcase name="Get TLE data for a satellite in JSON and Text format #1" classname="This feature tests the whereistheiss public APIs" time="0.623">
    <system-out><![CDATA[
Scenario Outline: Get TLE data for a satellite in JSON and Text format # src/test/resources/bdd/wheretheissapi.feature:38
  When I get TLE data in "" format for a given satellite "25544"       # org.truelayer.challenge.stepDefinition.WhereTheIssApi.iGetTLEDataInFormatForAGivenSatellite(java.lang.String,java.lang.String)
  Then the response status code should be 200                          # org.truelayer.challenge.stepDefinition.WhereTheIssApi.the_response_status_code_should_be(int)
  And the response body should have TLE data for given satellite       # org.truelayer.challenge.stepDefinition.WhereTheIssApi.theResponseBodyShouldHaveTLEDataForGivenSatellite()
]]></system-out>
  </testcase>
  <testcase name="Get TLE data for a satellite in JSON and Text format #2" classname="This feature tests the whereistheiss public APIs" time="0.639">
    <system-out><![CDATA[
Scenario Outline: Get TLE data for a satellite in JSON and Text format # src/test/resources/bdd/wheretheissapi.feature:39
  When I get TLE data in "json" format for a given satellite "25544"   # org.truelayer.challenge.stepDefinition.WhereTheIssApi.iGetTLEDataInFormatForAGivenSatellite(java.lang.String,java.lang.String)
  Then the response status code should be 200                          # org.truelayer.challenge.stepDefinition.WhereTheIssApi.the_response_status_code_should_be(int)
  And the response body should have TLE data for given satellite       # org.truelayer.challenge.stepDefinition.WhereTheIssApi.theResponseBodyShouldHaveTLEDataForGivenSatellite()
]]></system-out>
  </testcase>
  <testcase name="Get TLE data for a satellite in JSON and Text format #3" classname="This feature tests the whereistheiss public APIs" time="0.658">
    <system-out><![CDATA[
Scenario Outline: Get TLE data for a satellite in JSON and Text format # src/test/resources/bdd/wheretheissapi.feature:40
  When I get TLE data in "text" format for a given satellite "25544"   # org.truelayer.challenge.stepDefinition.WhereTheIssApi.iGetTLEDataInFormatForAGivenSatellite(java.lang.String,java.lang.String)
  Then the response status code should be 200                          # org.truelayer.challenge.stepDefinition.WhereTheIssApi.the_response_status_code_should_be(int)
  And the response body should have TLE data for given satellite       # org.truelayer.challenge.stepDefinition.WhereTheIssApi.theResponseBodyShouldHaveTLEDataForGivenSatellite()
]]></system-out>
  </testcase>
</testsuite>